2019-10-19 09:28:42,903 INFO com.cg.hotelmanagement.HotelManagementApplication [restartedMain] Starting HotelManagementApplication on DESKTOP-9EHQEUU with PID 7172 (C:\Users\osis\Desktop\Sprint5_Restful_15Oct_5.53\Sprint5_Restful\HotelManagement\target\classes started by osis in C:\Users\osis\Desktop\Sprint5_Restful_15Oct_5.53\Sprint5_Restful\HotelManagement)
2019-10-19 09:28:42,908 DEBUG com.cg.hotelmanagement.HotelManagementApplication [restartedMain] Running with Spring Boot v2.1.9.RELEASE, Spring v5.1.10.RELEASE
2019-10-19 09:28:42,908 INFO com.cg.hotelmanagement.HotelManagementApplication [restartedMain] The following profiles are active: production
2019-10-19 09:28:47,357 INFO com.cg.hotelmanagement.HotelManagementApplication [restartedMain] Started HotelManagementApplication in 4.832 seconds (JVM running for 5.492)
2019-10-19 09:40:44,839 INFO com.cg.hotelmanagement.HotelManagementApplication [restartedMain] Starting HotelManagementApplication on DESKTOP-9EHQEUU with PID 9956 (C:\Users\osis\Desktop\Sprint5_Restful_15Oct_5.53\Sprint5_Restful\HotelManagement\target\classes started by osis in C:\Users\osis\Desktop\Sprint5_Restful_15Oct_5.53\Sprint5_Restful\HotelManagement)
2019-10-19 09:40:44,841 DEBUG com.cg.hotelmanagement.HotelManagementApplication [restartedMain] Running with Spring Boot v2.1.9.RELEASE, Spring v5.1.10.RELEASE
2019-10-19 09:40:44,841 INFO com.cg.hotelmanagement.HotelManagementApplication [restartedMain] The following profiles are active: production
2019-10-19 09:40:50,003 INFO com.cg.hotelmanagement.HotelManagementApplication [restartedMain] Started HotelManagementApplication in 5.556 seconds (JVM running for 10.267)
2019-10-19 09:43:30,620 INFO com.cg.hotelmanagement.HotelManagementApplication [restartedMain] Starting HotelManagementApplication on DESKTOP-9EHQEUU with PID 9956 (C:\Users\osis\Desktop\Sprint5_Restful_15Oct_5.53\Sprint5_Restful\HotelManagement\target\classes started by osis in C:\Users\osis\Desktop\Sprint5_Restful_15Oct_5.53\Sprint5_Restful\HotelManagement)
2019-10-19 09:43:30,620 DEBUG com.cg.hotelmanagement.HotelManagementApplication [restartedMain] Running with Spring Boot v2.1.9.RELEASE, Spring v5.1.10.RELEASE
2019-10-19 09:43:30,620 INFO com.cg.hotelmanagement.HotelManagementApplication [restartedMain] The following profiles are active: production
2019-10-19 09:43:31,946 INFO com.cg.hotelmanagement.HotelManagementApplication [restartedMain] Started HotelManagementApplication in 1.365 seconds (JVM running for 172.209)
2019-10-19 09:45:05,954 INFO com.cg.hotelmanagement.HotelManagementApplication [restartedMain] Starting HotelManagementApplication on DESKTOP-9EHQEUU with PID 9956 (C:\Users\osis\Desktop\Sprint5_Restful_15Oct_5.53\Sprint5_Restful\HotelManagement\target\classes started by osis in C:\Users\osis\Desktop\Sprint5_Restful_15Oct_5.53\Sprint5_Restful\HotelManagement)
2019-10-19 09:45:05,954 DEBUG com.cg.hotelmanagement.HotelManagementApplication [restartedMain] Running with Spring Boot v2.1.9.RELEASE, Spring v5.1.10.RELEASE
2019-10-19 09:45:05,954 INFO com.cg.hotelmanagement.HotelManagementApplication [restartedMain] The following profiles are active: production
2019-10-19 09:45:07,110 INFO com.cg.hotelmanagement.HotelManagementApplication [restartedMain] Started HotelManagementApplication in 1.199 seconds (JVM running for 267.383)
2019-10-19 09:45:29,029 INFO com.cg.hotelmanagement.HotelManagementApplication [restartedMain] Starting HotelManagementApplication on DESKTOP-9EHQEUU with PID 9956 (C:\Users\osis\Desktop\Sprint5_Restful_15Oct_5.53\Sprint5_Restful\HotelManagement\target\classes started by osis in C:\Users\osis\Desktop\Sprint5_Restful_15Oct_5.53\Sprint5_Restful\HotelManagement)
2019-10-19 09:45:29,029 DEBUG com.cg.hotelmanagement.HotelManagementApplication [restartedMain] Running with Spring Boot v2.1.9.RELEASE, Spring v5.1.10.RELEASE
2019-10-19 09:45:29,029 INFO com.cg.hotelmanagement.HotelManagementApplication [restartedMain] The following profiles are active: production
2019-10-19 09:45:30,126 INFO com.cg.hotelmanagement.HotelManagementApplication [restartedMain] Started HotelManagementApplication in 1.142 seconds (JVM running for 290.404)
2019-10-19 09:46:01,191 ERROR org.hibernate.internal.ExceptionMapperStandardImpl [http-nio-9088-exec-2] HHH000346: Error during managed flush [Validation failed for classes [com.cg.hotelmanagement.dto.Customer] during update time for groups [javax.validation.groups.Default, ]
List of constraint violations:[
	ConstraintViolationImpl{interpolatedMessage='Length of username should be between 5 and 10', propertyPath=username, rootBeanClass=class com.cg.hotelmanagement.dto.Customer, messageTemplate='Length of username should be between 5 and 10'}
	ConstraintViolationImpl{interpolatedMessage='Length of password should be between 5 and 10', propertyPath=password, rootBeanClass=class com.cg.hotelmanagement.dto.Customer, messageTemplate='Length of password should be between 5 and 10'}
]]
2019-10-19 09:53:22,029 ERROR org.hibernate.internal.ExceptionMapperStandardImpl [http-nio-9088-exec-6] HHH000346: Error during managed flush [Validation failed for classes [com.cg.hotelmanagement.dto.Customer] during update time for groups [javax.validation.groups.Default, ]
List of constraint violations:[
	ConstraintViolationImpl{interpolatedMessage='Length of username should be between 5 and 10', propertyPath=username, rootBeanClass=class com.cg.hotelmanagement.dto.Customer, messageTemplate='Length of username should be between 5 and 10'}
	ConstraintViolationImpl{interpolatedMessage='Length of password should be between 5 and 10', propertyPath=password, rootBeanClass=class com.cg.hotelmanagement.dto.Customer, messageTemplate='Length of password should be between 5 and 10'}
]]
2019-10-19 09:54:20,747 INFO com.cg.hotelmanagement.HotelManagementApplication [restartedMain] Starting HotelManagementApplication on DESKTOP-9EHQEUU with PID 9956 (C:\Users\osis\Desktop\Sprint5_Restful_15Oct_5.53\Sprint5_Restful\HotelManagement\target\classes started by osis in C:\Users\osis\Desktop\Sprint5_Restful_15Oct_5.53\Sprint5_Restful\HotelManagement)
2019-10-19 09:54:20,747 DEBUG com.cg.hotelmanagement.HotelManagementApplication [restartedMain] Running with Spring Boot v2.1.9.RELEASE, Spring v5.1.10.RELEASE
2019-10-19 09:54:20,747 INFO com.cg.hotelmanagement.HotelManagementApplication [restartedMain] The following profiles are active: production
2019-10-19 09:54:22,189 INFO com.cg.hotelmanagement.HotelManagementApplication [restartedMain] Started HotelManagementApplication in 1.486 seconds (JVM running for 822.465)
2019-10-19 09:54:40,022 INFO com.cg.hotelmanagement.HotelManagementApplication [restartedMain] Starting HotelManagementApplication on DESKTOP-9EHQEUU with PID 9956 (C:\Users\osis\Desktop\Sprint5_Restful_15Oct_5.53\Sprint5_Restful\HotelManagement\target\classes started by osis in C:\Users\osis\Desktop\Sprint5_Restful_15Oct_5.53\Sprint5_Restful\HotelManagement)
2019-10-19 09:54:40,022 DEBUG com.cg.hotelmanagement.HotelManagementApplication [restartedMain] Running with Spring Boot v2.1.9.RELEASE, Spring v5.1.10.RELEASE
2019-10-19 09:54:40,022 INFO com.cg.hotelmanagement.HotelManagementApplication [restartedMain] The following profiles are active: production
2019-10-19 09:54:41,070 INFO com.cg.hotelmanagement.HotelManagementApplication [restartedMain] Started HotelManagementApplication in 1.078 seconds (JVM running for 841.346)
2019-10-19 09:57:02,278 INFO com.cg.hotelmanagement.HotelManagementApplication [restartedMain] Starting HotelManagementApplication on DESKTOP-9EHQEUU with PID 9956 (C:\Users\osis\Desktop\Sprint5_Restful_15Oct_5.53\Sprint5_Restful\HotelManagement\target\classes started by osis in C:\Users\osis\Desktop\Sprint5_Restful_15Oct_5.53\Sprint5_Restful\HotelManagement)
2019-10-19 09:57:02,278 DEBUG com.cg.hotelmanagement.HotelManagementApplication [restartedMain] Running with Spring Boot v2.1.9.RELEASE, Spring v5.1.10.RELEASE
2019-10-19 09:57:02,278 INFO com.cg.hotelmanagement.HotelManagementApplication [restartedMain] The following profiles are active: production
2019-10-19 09:57:03,403 INFO com.cg.hotelmanagement.HotelManagementApplication [restartedMain] Started HotelManagementApplication in 1.155 seconds (JVM running for 983.669)
2019-10-19 09:57:41,990 INFO com.cg.hotelmanagement.HotelManagementApplication [restartedMain] Starting HotelManagementApplication on DESKTOP-9EHQEUU with PID 9956 (C:\Users\osis\Desktop\Sprint5_Restful_15Oct_5.53\Sprint5_Restful\HotelManagement\target\classes started by osis in C:\Users\osis\Desktop\Sprint5_Restful_15Oct_5.53\Sprint5_Restful\HotelManagement)
2019-10-19 09:57:41,990 DEBUG com.cg.hotelmanagement.HotelManagementApplication [restartedMain] Running with Spring Boot v2.1.9.RELEASE, Spring v5.1.10.RELEASE
2019-10-19 09:57:41,990 INFO com.cg.hotelmanagement.HotelManagementApplication [restartedMain] The following profiles are active: production
2019-10-19 09:57:43,080 INFO com.cg.hotelmanagement.HotelManagementApplication [restartedMain] Started HotelManagementApplication in 1.13 seconds (JVM running for 1023.343)
2019-10-19 09:57:52,903 INFO com.cg.hotelmanagement.HotelManagementApplication [restartedMain] Starting HotelManagementApplication on DESKTOP-9EHQEUU with PID 9956 (C:\Users\osis\Desktop\Sprint5_Restful_15Oct_5.53\Sprint5_Restful\HotelManagement\target\classes started by osis in C:\Users\osis\Desktop\Sprint5_Restful_15Oct_5.53\Sprint5_Restful\HotelManagement)
2019-10-19 09:57:52,903 DEBUG com.cg.hotelmanagement.HotelManagementApplication [restartedMain] Running with Spring Boot v2.1.9.RELEASE, Spring v5.1.10.RELEASE
2019-10-19 09:57:52,903 INFO com.cg.hotelmanagement.HotelManagementApplication [restartedMain] The following profiles are active: production
2019-10-19 09:57:54,030 INFO com.cg.hotelmanagement.HotelManagementApplication [restartedMain] Started HotelManagementApplication in 1.159 seconds (JVM running for 1034.298)
2019-10-19 09:58:49,580 INFO com.cg.hotelmanagement.HotelManagementApplication [restartedMain] Starting HotelManagementApplication on DESKTOP-9EHQEUU with PID 9956 (C:\Users\osis\Desktop\Sprint5_Restful_15Oct_5.53\Sprint5_Restful\HotelManagement\target\classes started by osis in C:\Users\osis\Desktop\Sprint5_Restful_15Oct_5.53\Sprint5_Restful\HotelManagement)
2019-10-19 09:58:49,580 DEBUG com.cg.hotelmanagement.HotelManagementApplication [restartedMain] Running with Spring Boot v2.1.9.RELEASE, Spring v5.1.10.RELEASE
2019-10-19 09:58:49,580 INFO com.cg.hotelmanagement.HotelManagementApplication [restartedMain] The following profiles are active: production
2019-10-19 09:58:50,595 ERROR org.springframework.boot.SpringApplication [restartedMain] Application run failed
org.springframework.beans.factory.BeanCreationException: Error creating bean with name 'customerController' defined in file [C:\Users\osis\Desktop\Sprint5_Restful_15Oct_5.53\Sprint5_Restful\HotelManagement\target\classes\com\cg\hotelmanagement\controller\CustomerController.class]: Instantiation of bean failed; nested exception is org.springframework.beans.BeanInstantiationException: Failed to instantiate [com.cg.hotelmanagement.controller.CustomerController]: Constructor threw exception; nested exception is java.lang.Error: Unresolved compilation problem: 
	BookingRepository cannot be resolved to a type

	at org.springframework.beans.factory.support.AbstractAutowireCapableBeanFactory.instantiateBean(AbstractAutowireCapableBeanFactory.java:1303)
	at org.springframework.beans.factory.support.AbstractAutowireCapableBeanFactory.createBeanInstance(AbstractAutowireCapableBeanFactory.java:1197)
	at org.springframework.beans.factory.support.AbstractAutowireCapableBeanFactory.doCreateBean(AbstractAutowireCapableBeanFactory.java:555)
	at org.springframework.beans.factory.support.AbstractAutowireCapableBeanFactory.createBean(AbstractAutowireCapableBeanFactory.java:515)
	at org.springframework.beans.factory.support.AbstractBeanFactory.lambda$doGetBean$0(AbstractBeanFactory.java:320)
	at org.springframework.beans.factory.support.DefaultSingletonBeanRegistry.getSingleton(DefaultSingletonBeanRegistry.java:222)
	at org.springframework.beans.factory.support.AbstractBeanFactory.doGetBean(AbstractBeanFactory.java:318)
	at org.springframework.beans.factory.support.AbstractBeanFactory.getBean(AbstractBeanFactory.java:199)
	at org.springframework.beans.factory.support.DefaultListableBeanFactory.preInstantiateSingletons(DefaultListableBeanFactory.java:847)
	at org.springframework.context.support.AbstractApplicationContext.finishBeanFactoryInitialization(AbstractApplicationContext.java:877)
	at org.springframework.context.support.AbstractApplicationContext.refresh(AbstractApplicationContext.java:549)
	at org.springframework.boot.web.servlet.context.ServletWebServerApplicationContext.refresh(ServletWebServerApplicationContext.java:141)
	at org.springframework.boot.SpringApplication.refresh(SpringApplication.java:744)
	at org.springframework.boot.SpringApplication.refreshContext(SpringApplication.java:391)
	at org.springframework.boot.SpringApplication.run(SpringApplication.java:312)
	at org.springframework.boot.SpringApplication.run(SpringApplication.java:1215)
	at org.springframework.boot.SpringApplication.run(SpringApplication.java:1204)
	at com.cg.hotelmanagement.HotelManagementApplication.main(HotelManagementApplication.java:10)
	at sun.reflect.NativeMethodAccessorImpl.invoke0(Native Method)
	at sun.reflect.NativeMethodAccessorImpl.invoke(NativeMethodAccessorImpl.java:62)
	at sun.reflect.DelegatingMethodAccessorImpl.invoke(DelegatingMethodAccessorImpl.java:43)
	at java.lang.reflect.Method.invoke(Method.java:498)
	at org.springframework.boot.devtools.restart.RestartLauncher.run(RestartLauncher.java:49)
Caused by: org.springframework.beans.BeanInstantiationException: Failed to instantiate [com.cg.hotelmanagement.controller.CustomerController]: Constructor threw exception; nested exception is java.lang.Error: Unresolved compilation problem: 
	BookingRepository cannot be resolved to a type

	at org.springframework.beans.BeanUtils.instantiateClass(BeanUtils.java:184)
	at org.springframework.beans.factory.support.SimpleInstantiationStrategy.instantiate(SimpleInstantiationStrategy.java:87)
	at org.springframework.beans.factory.support.AbstractAutowireCapableBeanFactory.instantiateBean(AbstractAutowireCapableBeanFactory.java:1295)
	... 22 common frames omitted
Caused by: java.lang.Error: Unresolved compilation problem: 
	BookingRepository cannot be resolved to a type

	at com.cg.hotelmanagement.controller.CustomerController.<init>(CustomerController.java:41)
	at sun.reflect.NativeConstructorAccessorImpl.newInstance0(Native Method)
	at sun.reflect.NativeConstructorAccessorImpl.newInstance(NativeConstructorAccessorImpl.java:62)
	at sun.reflect.DelegatingConstructorAccessorImpl.newInstance(DelegatingConstructorAccessorImpl.java:45)
	at java.lang.reflect.Constructor.newInstance(Constructor.java:423)
	at org.springframework.beans.BeanUtils.instantiateClass(BeanUtils.java:172)
	... 24 common frames omitted
2019-10-19 09:58:55,573 INFO com.cg.hotelmanagement.HotelManagementApplication [restartedMain] Starting HotelManagementApplication on DESKTOP-9EHQEUU with PID 9956 (C:\Users\osis\Desktop\Sprint5_Restful_15Oct_5.53\Sprint5_Restful\HotelManagement\target\classes started by osis in C:\Users\osis\Desktop\Sprint5_Restful_15Oct_5.53\Sprint5_Restful\HotelManagement)
2019-10-19 09:58:55,573 DEBUG com.cg.hotelmanagement.HotelManagementApplication [restartedMain] Running with Spring Boot v2.1.9.RELEASE, Spring v5.1.10.RELEASE
2019-10-19 09:58:55,573 INFO com.cg.hotelmanagement.HotelManagementApplication [restartedMain] The following profiles are active: production
2019-10-19 09:58:56,705 INFO com.cg.hotelmanagement.HotelManagementApplication [restartedMain] Started HotelManagementApplication in 1.191 seconds (JVM running for 1096.968)
2019-10-19 09:59:11,509 INFO com.cg.hotelmanagement.HotelManagementApplication [restartedMain] Starting HotelManagementApplication on DESKTOP-9EHQEUU with PID 9956 (C:\Users\osis\Desktop\Sprint5_Restful_15Oct_5.53\Sprint5_Restful\HotelManagement\target\classes started by osis in C:\Users\osis\Desktop\Sprint5_Restful_15Oct_5.53\Sprint5_Restful\HotelManagement)
2019-10-19 09:59:11,509 DEBUG com.cg.hotelmanagement.HotelManagementApplication [restartedMain] Running with Spring Boot v2.1.9.RELEASE, Spring v5.1.10.RELEASE
2019-10-19 09:59:11,509 INFO com.cg.hotelmanagement.HotelManagementApplication [restartedMain] The following profiles are active: production
2019-10-19 09:59:12,507 INFO com.cg.hotelmanagement.HotelManagementApplication [restartedMain] Started HotelManagementApplication in 1.032 seconds (JVM running for 1112.777)
2019-10-19 09:59:36,481 INFO com.cg.hotelmanagement.HotelManagementApplication [restartedMain] Starting HotelManagementApplication on DESKTOP-9EHQEUU with PID 9956 (C:\Users\osis\Desktop\Sprint5_Restful_15Oct_5.53\Sprint5_Restful\HotelManagement\target\classes started by osis in C:\Users\osis\Desktop\Sprint5_Restful_15Oct_5.53\Sprint5_Restful\HotelManagement)
2019-10-19 09:59:36,481 DEBUG com.cg.hotelmanagement.HotelManagementApplication [restartedMain] Running with Spring Boot v2.1.9.RELEASE, Spring v5.1.10.RELEASE
2019-10-19 09:59:36,481 INFO com.cg.hotelmanagement.HotelManagementApplication [restartedMain] The following profiles are active: production
2019-10-19 09:59:37,483 INFO com.cg.hotelmanagement.HotelManagementApplication [restartedMain] Started HotelManagementApplication in 1.044 seconds (JVM running for 1137.758)
2019-10-19 09:59:58,393 INFO com.cg.hotelmanagement.HotelManagementApplication [restartedMain] Starting HotelManagementApplication on DESKTOP-9EHQEUU with PID 9956 (C:\Users\osis\Desktop\Sprint5_Restful_15Oct_5.53\Sprint5_Restful\HotelManagement\target\classes started by osis in C:\Users\osis\Desktop\Sprint5_Restful_15Oct_5.53\Sprint5_Restful\HotelManagement)
2019-10-19 09:59:58,393 DEBUG com.cg.hotelmanagement.HotelManagementApplication [restartedMain] Running with Spring Boot v2.1.9.RELEASE, Spring v5.1.10.RELEASE
2019-10-19 09:59:58,393 INFO com.cg.hotelmanagement.HotelManagementApplication [restartedMain] The following profiles are active: production
2019-10-19 09:59:59,376 INFO com.cg.hotelmanagement.HotelManagementApplication [restartedMain] Started HotelManagementApplication in 1.021 seconds (JVM running for 1159.643)
2019-10-19 10:01:50,643 INFO com.cg.hotelmanagement.HotelManagementApplication [restartedMain] Starting HotelManagementApplication on DESKTOP-9EHQEUU with PID 9956 (C:\Users\osis\Desktop\Sprint5_Restful_15Oct_5.53\Sprint5_Restful\HotelManagement\target\classes started by osis in C:\Users\osis\Desktop\Sprint5_Restful_15Oct_5.53\Sprint5_Restful\HotelManagement)
2019-10-19 10:01:50,644 DEBUG com.cg.hotelmanagement.HotelManagementApplication [restartedMain] Running with Spring Boot v2.1.9.RELEASE, Spring v5.1.10.RELEASE
2019-10-19 10:01:50,644 INFO com.cg.hotelmanagement.HotelManagementApplication [restartedMain] The following profiles are active: production
2019-10-19 10:01:51,822 INFO com.cg.hotelmanagement.HotelManagementApplication [restartedMain] Started HotelManagementApplication in 1.211 seconds (JVM running for 1272.09)
2019-10-19 10:02:23,275 ERROR org.hibernate.internal.ExceptionMapperStandardImpl [http-nio-9088-exec-2] HHH000346: Error during managed flush [Validation failed for classes [com.cg.hotelmanagement.dto.Customer] during update time for groups [javax.validation.groups.Default, ]
List of constraint violations:[
	ConstraintViolationImpl{interpolatedMessage='Length of password should be between 5 and 10', propertyPath=password, rootBeanClass=class com.cg.hotelmanagement.dto.Customer, messageTemplate='Length of password should be between 5 and 10'}
	ConstraintViolationImpl{interpolatedMessage='Length of username should be between 5 and 10', propertyPath=username, rootBeanClass=class com.cg.hotelmanagement.dto.Customer, messageTemplate='Length of username should be between 5 and 10'}
]]
2019-10-19 10:03:01,277 INFO com.cg.hotelmanagement.HotelManagementApplication [restartedMain] Starting HotelManagementApplication on DESKTOP-9EHQEUU with PID 9956 (C:\Users\osis\Desktop\Sprint5_Restful_15Oct_5.53\Sprint5_Restful\HotelManagement\target\classes started by osis in C:\Users\osis\Desktop\Sprint5_Restful_15Oct_5.53\Sprint5_Restful\HotelManagement)
2019-10-19 10:03:01,278 DEBUG com.cg.hotelmanagement.HotelManagementApplication [restartedMain] Running with Spring Boot v2.1.9.RELEASE, Spring v5.1.10.RELEASE
2019-10-19 10:03:01,278 INFO com.cg.hotelmanagement.HotelManagementApplication [restartedMain] The following profiles are active: production
2019-10-19 10:03:02,232 ERROR org.springframework.boot.SpringApplication [restartedMain] Application run failed
org.springframework.beans.factory.UnsatisfiedDependencyException: Error creating bean with name 'adminController': Unsatisfied dependency expressed through field 'customerService'; nested exception is org.springframework.beans.factory.BeanCreationException: Error creating bean with name 'customerService' defined in file [C:\Users\osis\Desktop\Sprint5_Restful_15Oct_5.53\Sprint5_Restful\HotelManagement\target\classes\com\cg\hotelmanagement\service\CustomerService.class]: Instantiation of bean failed; nested exception is org.springframework.beans.BeanInstantiationException: Failed to instantiate [com.cg.hotelmanagement.service.CustomerService]: Constructor threw exception; nested exception is java.lang.Error: Unresolved compilation problem: 
	Transactional cannot be resolved to a type

	at org.springframework.beans.factory.annotation.AutowiredAnnotationBeanPostProcessor$AutowiredFieldElement.inject(AutowiredAnnotationBeanPostProcessor.java:598)
	at org.springframework.beans.factory.annotation.InjectionMetadata.inject(InjectionMetadata.java:90)
	at org.springframework.beans.factory.annotation.AutowiredAnnotationBeanPostProcessor.postProcessProperties(AutowiredAnnotationBeanPostProcessor.java:376)
	at org.springframework.beans.factory.support.AbstractAutowireCapableBeanFactory.populateBean(AbstractAutowireCapableBeanFactory.java:1411)
	at org.springframework.beans.factory.support.AbstractAutowireCapableBeanFactory.doCreateBean(AbstractAutowireCapableBeanFactory.java:592)
	at org.springframework.beans.factory.support.AbstractAutowireCapableBeanFactory.createBean(AbstractAutowireCapableBeanFactory.java:515)
	at org.springframework.beans.factory.support.AbstractBeanFactory.lambda$doGetBean$0(AbstractBeanFactory.java:320)
	at org.springframework.beans.factory.support.DefaultSingletonBeanRegistry.getSingleton(DefaultSingletonBeanRegistry.java:222)
	at org.springframework.beans.factory.support.AbstractBeanFactory.doGetBean(AbstractBeanFactory.java:318)
	at org.springframework.beans.factory.support.AbstractBeanFactory.getBean(AbstractBeanFactory.java:199)
	at org.springframework.beans.factory.support.DefaultListableBeanFactory.preInstantiateSingletons(DefaultListableBeanFactory.java:847)
	at org.springframework.context.support.AbstractApplicationContext.finishBeanFactoryInitialization(AbstractApplicationContext.java:877)
	at org.springframework.context.support.AbstractApplicationContext.refresh(AbstractApplicationContext.java:549)
	at org.springframework.boot.web.servlet.context.ServletWebServerApplicationContext.refresh(ServletWebServerApplicationContext.java:141)
	at org.springframework.boot.SpringApplication.refresh(SpringApplication.java:744)
	at org.springframework.boot.SpringApplication.refreshContext(SpringApplication.java:391)
	at org.springframework.boot.SpringApplication.run(SpringApplication.java:312)
	at org.springframework.boot.SpringApplication.run(SpringApplication.java:1215)
	at org.springframework.boot.SpringApplication.run(SpringApplication.java:1204)
	at com.cg.hotelmanagement.HotelManagementApplication.main(HotelManagementApplication.java:10)
	at sun.reflect.NativeMethodAccessorImpl.invoke0(Native Method)
	at sun.reflect.NativeMethodAccessorImpl.invoke(NativeMethodAccessorImpl.java:62)
	at sun.reflect.DelegatingMethodAccessorImpl.invoke(DelegatingMethodAccessorImpl.java:43)
	at java.lang.reflect.Method.invoke(Method.java:498)
	at org.springframework.boot.devtools.restart.RestartLauncher.run(RestartLauncher.java:49)
Caused by: org.springframework.beans.factory.BeanCreationException: Error creating bean with name 'customerService' defined in file [C:\Users\osis\Desktop\Sprint5_Restful_15Oct_5.53\Sprint5_Restful\HotelManagement\target\classes\com\cg\hotelmanagement\service\CustomerService.class]: Instantiation of bean failed; nested exception is org.springframework.beans.BeanInstantiationException: Failed to instantiate [com.cg.hotelmanagement.service.CustomerService]: Constructor threw exception; nested exception is java.lang.Error: Unresolved compilation problem: 
	Transactional cannot be resolved to a type

	at org.springframework.beans.factory.support.AbstractAutowireCapableBeanFactory.instantiateBean(AbstractAutowireCapableBeanFactory.java:1303)
	at org.springframework.beans.factory.support.AbstractAutowireCapableBeanFactory.createBeanInstance(AbstractAutowireCapableBeanFactory.java:1197)
	at org.springframework.beans.factory.support.AbstractAutowireCapableBeanFactory.doCreateBean(AbstractAutowireCapableBeanFactory.java:555)
	at org.springframework.beans.factory.support.AbstractAutowireCapableBeanFactory.createBean(AbstractAutowireCapableBeanFactory.java:515)
	at org.springframework.beans.factory.support.AbstractBeanFactory.lambda$doGetBean$0(AbstractBeanFactory.java:320)
	at org.springframework.beans.factory.support.DefaultSingletonBeanRegistry.getSingleton(DefaultSingletonBeanRegistry.java:222)
	at org.springframework.beans.factory.support.AbstractBeanFactory.doGetBean(AbstractBeanFactory.java:318)
	at org.springframework.beans.factory.support.AbstractBeanFactory.getBean(AbstractBeanFactory.java:199)
	at org.springframework.beans.factory.config.DependencyDescriptor.resolveCandidate(DependencyDescriptor.java:277)
	at org.springframework.beans.factory.support.DefaultListableBeanFactory.doResolveDependency(DefaultListableBeanFactory.java:1255)
	at org.springframework.beans.factory.support.DefaultListableBeanFactory.resolveDependency(DefaultListableBeanFactory.java:1175)
	at org.springframework.beans.factory.annotation.AutowiredAnnotationBeanPostProcessor$AutowiredFieldElement.inject(AutowiredAnnotationBeanPostProcessor.java:595)
	... 24 common frames omitted
Caused by: org.springframework.beans.BeanInstantiationException: Failed to instantiate [com.cg.hotelmanagement.service.CustomerService]: Constructor threw exception; nested exception is java.lang.Error: Unresolved compilation problem: 
	Transactional cannot be resolved to a type

	at org.springframework.beans.BeanUtils.instantiateClass(BeanUtils.java:184)
	at org.springframework.beans.factory.support.SimpleInstantiationStrategy.instantiate(SimpleInstantiationStrategy.java:87)
	at org.springframework.beans.factory.support.AbstractAutowireCapableBeanFactory.instantiateBean(AbstractAutowireCapableBeanFactory.java:1295)
	... 35 common frames omitted
Caused by: java.lang.Error: Unresolved compilation problem: 
	Transactional cannot be resolved to a type

	at com.cg.hotelmanagement.service.CustomerService.<init>(CustomerService.java:27)
	at sun.reflect.NativeConstructorAccessorImpl.newInstance0(Native Method)
	at sun.reflect.NativeConstructorAccessorImpl.newInstance(NativeConstructorAccessorImpl.java:62)
	at sun.reflect.DelegatingConstructorAccessorImpl.newInstance(DelegatingConstructorAccessorImpl.java:45)
	at java.lang.reflect.Constructor.newInstance(Constructor.java:423)
	at org.springframework.beans.BeanUtils.instantiateClass(BeanUtils.java:172)
	... 37 common frames omitted
2019-10-19 10:03:55,898 INFO com.cg.hotelmanagement.HotelManagementApplication [restartedMain] Starting HotelManagementApplication on DESKTOP-9EHQEUU with PID 1092 (C:\Users\osis\Desktop\Sprint5_Restful_15Oct_5.53\Sprint5_Restful\HotelManagement\target\classes started by osis in C:\Users\osis\Desktop\Sprint5_Restful_15Oct_5.53\Sprint5_Restful\HotelManagement)
2019-10-19 10:03:55,898 DEBUG com.cg.hotelmanagement.HotelManagementApplication [restartedMain] Running with Spring Boot v2.1.9.RELEASE, Spring v5.1.10.RELEASE
2019-10-19 10:03:55,898 INFO com.cg.hotelmanagement.HotelManagementApplication [restartedMain] The following profiles are active: production
2019-10-19 10:03:59,793 INFO com.cg.hotelmanagement.HotelManagementApplication [restartedMain] Started HotelManagementApplication in 4.317 seconds (JVM running for 4.901)
2019-10-19 10:04:04,134 ERROR org.hibernate.internal.ExceptionMapperStandardImpl [http-nio-9088-exec-2] HHH000346: Error during managed flush [Validation failed for classes [com.cg.hotelmanagement.dto.Customer] during update time for groups [javax.validation.groups.Default, ]
List of constraint violations:[
	ConstraintViolationImpl{interpolatedMessage='Length of password should be between 5 and 10', propertyPath=password, rootBeanClass=class com.cg.hotelmanagement.dto.Customer, messageTemplate='Length of password should be between 5 and 10'}
	ConstraintViolationImpl{interpolatedMessage='Length of username should be between 5 and 10', propertyPath=username, rootBeanClass=class com.cg.hotelmanagement.dto.Customer, messageTemplate='Length of username should be between 5 and 10'}
]]
2019-10-19 10:06:23,254 INFO com.cg.hotelmanagement.HotelManagementApplication [restartedMain] Starting HotelManagementApplication on DESKTOP-9EHQEUU with PID 1092 (C:\Users\osis\Desktop\Sprint5_Restful_15Oct_5.53\Sprint5_Restful\HotelManagement\target\classes started by osis in C:\Users\osis\Desktop\Sprint5_Restful_15Oct_5.53\Sprint5_Restful\HotelManagement)
2019-10-19 10:06:23,254 DEBUG com.cg.hotelmanagement.HotelManagementApplication [restartedMain] Running with Spring Boot v2.1.9.RELEASE, Spring v5.1.10.RELEASE
2019-10-19 10:06:23,254 INFO com.cg.hotelmanagement.HotelManagementApplication [restartedMain] The following profiles are active: production
2019-10-19 10:06:24,540 INFO com.cg.hotelmanagement.HotelManagementApplication [restartedMain] Started HotelManagementApplication in 1.338 seconds (JVM running for 149.647)
2019-10-19 10:08:02,692 INFO com.cg.hotelmanagement.HotelManagementApplication [restartedMain] Starting HotelManagementApplication on DESKTOP-9EHQEUU with PID 1092 (C:\Users\osis\Desktop\Sprint5_Restful_15Oct_5.53\Sprint5_Restful\HotelManagement\target\classes started by osis in C:\Users\osis\Desktop\Sprint5_Restful_15Oct_5.53\Sprint5_Restful\HotelManagement)
2019-10-19 10:08:02,692 DEBUG com.cg.hotelmanagement.HotelManagementApplication [restartedMain] Running with Spring Boot v2.1.9.RELEASE, Spring v5.1.10.RELEASE
2019-10-19 10:08:02,692 INFO com.cg.hotelmanagement.HotelManagementApplication [restartedMain] The following profiles are active: production
2019-10-19 10:08:03,805 INFO com.cg.hotelmanagement.HotelManagementApplication [restartedMain] Started HotelManagementApplication in 1.15 seconds (JVM running for 248.926)
2019-10-19 10:08:48,545 INFO com.cg.hotelmanagement.HotelManagementApplication [restartedMain] Starting HotelManagementApplication on DESKTOP-9EHQEUU with PID 1092 (C:\Users\osis\Desktop\Sprint5_Restful_15Oct_5.53\Sprint5_Restful\HotelManagement\target\classes started by osis in C:\Users\osis\Desktop\Sprint5_Restful_15Oct_5.53\Sprint5_Restful\HotelManagement)
2019-10-19 10:08:48,545 DEBUG com.cg.hotelmanagement.HotelManagementApplication [restartedMain] Running with Spring Boot v2.1.9.RELEASE, Spring v5.1.10.RELEASE
2019-10-19 10:08:48,545 INFO com.cg.hotelmanagement.HotelManagementApplication [restartedMain] The following profiles are active: production
2019-10-19 10:08:49,808 INFO com.cg.hotelmanagement.HotelManagementApplication [restartedMain] Started HotelManagementApplication in 1.316 seconds (JVM running for 294.915)
2019-10-19 10:09:00,613 ERROR org.hibernate.internal.ExceptionMapperStandardImpl [http-nio-9088-exec-2] HHH000346: Error during managed flush [Validation failed for classes [com.cg.hotelmanagement.dto.Customer] during update time for groups [javax.validation.groups.Default, ]
List of constraint violations:[
	ConstraintViolationImpl{interpolatedMessage='Length of username should be between 5 and 10', propertyPath=username, rootBeanClass=class com.cg.hotelmanagement.dto.Customer, messageTemplate='Length of username should be between 5 and 10'}
	ConstraintViolationImpl{interpolatedMessage='Length of password should be between 5 and 10', propertyPath=password, rootBeanClass=class com.cg.hotelmanagement.dto.Customer, messageTemplate='Length of password should be between 5 and 10'}
]]
2019-10-19 10:09:22,350 INFO com.cg.hotelmanagement.HotelManagementApplication [restartedMain] Starting HotelManagementApplication on DESKTOP-9EHQEUU with PID 1092 (C:\Users\osis\Desktop\Sprint5_Restful_15Oct_5.53\Sprint5_Restful\HotelManagement\target\classes started by osis in C:\Users\osis\Desktop\Sprint5_Restful_15Oct_5.53\Sprint5_Restful\HotelManagement)
2019-10-19 10:09:22,350 DEBUG com.cg.hotelmanagement.HotelManagementApplication [restartedMain] Running with Spring Boot v2.1.9.RELEASE, Spring v5.1.10.RELEASE
2019-10-19 10:09:22,350 INFO com.cg.hotelmanagement.HotelManagementApplication [restartedMain] The following profiles are active: production
2019-10-19 10:09:23,492 INFO com.cg.hotelmanagement.HotelManagementApplication [restartedMain] Started HotelManagementApplication in 1.187 seconds (JVM running for 328.605)
2019-10-19 10:09:41,451 ERROR org.hibernate.internal.ExceptionMapperStandardImpl [http-nio-9088-exec-3] HHH000346: Error during managed flush [Validation failed for classes [com.cg.hotelmanagement.dto.Customer] during update time for groups [javax.validation.groups.Default, ]
List of constraint violations:[
	ConstraintViolationImpl{interpolatedMessage='Length of username should be between 5 and 10', propertyPath=username, rootBeanClass=class com.cg.hotelmanagement.dto.Customer, messageTemplate='Length of username should be between 5 and 10'}
	ConstraintViolationImpl{interpolatedMessage='Length of password should be between 5 and 10', propertyPath=password, rootBeanClass=class com.cg.hotelmanagement.dto.Customer, messageTemplate='Length of password should be between 5 and 10'}
]]
2019-10-19 10:14:38,965 INFO com.cg.hotelmanagement.HotelManagementApplication [restartedMain] Starting HotelManagementApplication on DESKTOP-9EHQEUU with PID 1092 (C:\Users\osis\Desktop\Sprint5_Restful_15Oct_5.53\Sprint5_Restful\HotelManagement\target\classes started by osis in C:\Users\osis\Desktop\Sprint5_Restful_15Oct_5.53\Sprint5_Restful\HotelManagement)
2019-10-19 10:14:38,965 DEBUG com.cg.hotelmanagement.HotelManagementApplication [restartedMain] Running with Spring Boot v2.1.9.RELEASE, Spring v5.1.10.RELEASE
2019-10-19 10:14:38,965 INFO com.cg.hotelmanagement.HotelManagementApplication [restartedMain] The following profiles are active: production
2019-10-19 10:14:40,046 INFO com.cg.hotelmanagement.HotelManagementApplication [restartedMain] Started HotelManagementApplication in 1.122 seconds (JVM running for 645.163)
2019-10-19 10:16:58,811 INFO com.cg.hotelmanagement.HotelManagementApplication [restartedMain] Starting HotelManagementApplication on DESKTOP-9EHQEUU with PID 1092 (C:\Users\osis\Desktop\Sprint5_Restful_15Oct_5.53\Sprint5_Restful\HotelManagement\target\classes started by osis in C:\Users\osis\Desktop\Sprint5_Restful_15Oct_5.53\Sprint5_Restful\HotelManagement)
2019-10-19 10:16:58,811 DEBUG com.cg.hotelmanagement.HotelManagementApplication [restartedMain] Running with Spring Boot v2.1.9.RELEASE, Spring v5.1.10.RELEASE
2019-10-19 10:16:58,811 INFO com.cg.hotelmanagement.HotelManagementApplication [restartedMain] The following profiles are active: production
2019-10-19 10:17:00,029 INFO com.cg.hotelmanagement.HotelManagementApplication [restartedMain] Started HotelManagementApplication in 1.262 seconds (JVM running for 785.15)
2019-10-19 10:17:25,440 INFO com.cg.hotelmanagement.HotelManagementApplication [restartedMain] Starting HotelManagementApplication on DESKTOP-9EHQEUU with PID 1092 (C:\Users\osis\Desktop\Sprint5_Restful_15Oct_5.53\Sprint5_Restful\HotelManagement\target\classes started by osis in C:\Users\osis\Desktop\Sprint5_Restful_15Oct_5.53\Sprint5_Restful\HotelManagement)
2019-10-19 10:17:25,440 DEBUG com.cg.hotelmanagement.HotelManagementApplication [restartedMain] Running with Spring Boot v2.1.9.RELEASE, Spring v5.1.10.RELEASE
2019-10-19 10:17:25,440 INFO com.cg.hotelmanagement.HotelManagementApplication [restartedMain] The following profiles are active: production
2019-10-19 10:17:26,516 INFO com.cg.hotelmanagement.HotelManagementApplication [restartedMain] Started HotelManagementApplication in 1.123 seconds (JVM running for 811.635)
2019-10-19 10:17:42,478 INFO com.cg.hotelmanagement.HotelManagementApplication [restartedMain] Starting HotelManagementApplication on DESKTOP-9EHQEUU with PID 1092 (C:\Users\osis\Desktop\Sprint5_Restful_15Oct_5.53\Sprint5_Restful\HotelManagement\target\classes started by osis in C:\Users\osis\Desktop\Sprint5_Restful_15Oct_5.53\Sprint5_Restful\HotelManagement)
2019-10-19 10:17:42,478 DEBUG com.cg.hotelmanagement.HotelManagementApplication [restartedMain] Running with Spring Boot v2.1.9.RELEASE, Spring v5.1.10.RELEASE
2019-10-19 10:17:42,478 INFO com.cg.hotelmanagement.HotelManagementApplication [restartedMain] The following profiles are active: production
2019-10-19 10:17:43,524 INFO com.cg.hotelmanagement.HotelManagementApplication [restartedMain] Started HotelManagementApplication in 1.089 seconds (JVM running for 828.641)
2019-10-19 10:18:32,909 INFO com.cg.hotelmanagement.HotelManagementApplication [restartedMain] Starting HotelManagementApplication on DESKTOP-9EHQEUU with PID 1092 (C:\Users\osis\Desktop\Sprint5_Restful_15Oct_5.53\Sprint5_Restful\HotelManagement\target\classes started by osis in C:\Users\osis\Desktop\Sprint5_Restful_15Oct_5.53\Sprint5_Restful\HotelManagement)
2019-10-19 10:18:32,909 DEBUG com.cg.hotelmanagement.HotelManagementApplication [restartedMain] Running with Spring Boot v2.1.9.RELEASE, Spring v5.1.10.RELEASE
2019-10-19 10:18:32,909 INFO com.cg.hotelmanagement.HotelManagementApplication [restartedMain] The following profiles are active: production
2019-10-19 10:18:33,954 INFO com.cg.hotelmanagement.HotelManagementApplication [restartedMain] Started HotelManagementApplication in 1.081 seconds (JVM running for 879.062)
2019-10-19 10:18:43,685 INFO com.cg.hotelmanagement.HotelManagementApplication [restartedMain] Starting HotelManagementApplication on DESKTOP-9EHQEUU with PID 1092 (C:\Users\osis\Desktop\Sprint5_Restful_15Oct_5.53\Sprint5_Restful\HotelManagement\target\classes started by osis in C:\Users\osis\Desktop\Sprint5_Restful_15Oct_5.53\Sprint5_Restful\HotelManagement)
2019-10-19 10:18:43,685 DEBUG com.cg.hotelmanagement.HotelManagementApplication [restartedMain] Running with Spring Boot v2.1.9.RELEASE, Spring v5.1.10.RELEASE
2019-10-19 10:18:43,685 INFO com.cg.hotelmanagement.HotelManagementApplication [restartedMain] The following profiles are active: production
2019-10-19 10:18:44,752 INFO com.cg.hotelmanagement.HotelManagementApplication [restartedMain] Started HotelManagementApplication in 1.102 seconds (JVM running for 889.86)
2019-10-19 10:22:53,013 INFO com.cg.hotelmanagement.HotelManagementApplication [restartedMain] Starting HotelManagementApplication on DESKTOP-9EHQEUU with PID 1092 (C:\Users\osis\Desktop\Sprint5_Restful_15Oct_5.53\Sprint5_Restful\HotelManagement\target\classes started by osis in C:\Users\osis\Desktop\Sprint5_Restful_15Oct_5.53\Sprint5_Restful\HotelManagement)
2019-10-19 10:22:53,013 DEBUG com.cg.hotelmanagement.HotelManagementApplication [restartedMain] Running with Spring Boot v2.1.9.RELEASE, Spring v5.1.10.RELEASE
2019-10-19 10:22:53,013 INFO com.cg.hotelmanagement.HotelManagementApplication [restartedMain] The following profiles are active: production
2019-10-19 10:22:54,107 INFO com.cg.hotelmanagement.HotelManagementApplication [restartedMain] Started HotelManagementApplication in 1.134 seconds (JVM running for 1139.22)
2019-10-19 10:23:19,077 INFO com.cg.hotelmanagement.HotelManagementApplication [restartedMain] Starting HotelManagementApplication on DESKTOP-9EHQEUU with PID 1092 (C:\Users\osis\Desktop\Sprint5_Restful_15Oct_5.53\Sprint5_Restful\HotelManagement\target\classes started by osis in C:\Users\osis\Desktop\Sprint5_Restful_15Oct_5.53\Sprint5_Restful\HotelManagement)
2019-10-19 10:23:19,077 DEBUG com.cg.hotelmanagement.HotelManagementApplication [restartedMain] Running with Spring Boot v2.1.9.RELEASE, Spring v5.1.10.RELEASE
2019-10-19 10:23:19,077 INFO com.cg.hotelmanagement.HotelManagementApplication [restartedMain] The following profiles are active: production
2019-10-19 10:23:20,138 INFO com.cg.hotelmanagement.HotelManagementApplication [restartedMain] Started HotelManagementApplication in 1.1 seconds (JVM running for 1165.258)
